<?xml version="1.0" encoding="UTF-8"?>
<!-- Generated by org.testng.reporters.JUnitReportReporter -->
<testsuite hostname="DESKTOP-RRH179N" failures="0" tests="1" name="scripts.Demo" time="0.007" errors="0" timestamp="2021-12-24T00:14:19 IST" skipped="0">
  <testcase classname="scripts.Demo" name="testA" time="0.007"/>
  <system-out/>
</testsuite> <!-- scripts.Demo -->
