<?xml version="1.0" encoding="UTF-8"?>
<!-- Generated by org.testng.reporters.JUnitReportReporter -->
<testsuite hostname="DESKTOP-RRH179N" failures="0" tests="1" name="scripts.ValidLogin" time="21.509" errors="0" timestamp="2021-12-24T08:27:25 IST" skipped="0">
  <testcase classname="scripts.ValidLogin" name="testValidLogin" time="21.509"/>
  <system-out/>
</testsuite> <!-- scripts.ValidLogin -->
