<?xml version="1.0" encoding="UTF-8"?>
<!-- Generated by org.testng.reporters.JUnitReportReporter -->
<testsuite hostname="DESKTOP-RRH179N" failures="0" tests="1" name="scripts.InvalidLogin" time="13.952" errors="0" timestamp="2021-12-24T08:06:48 IST" skipped="0">
  <testcase classname="scripts.InvalidLogin" name="testInvalidLogin" time="13.952"/>
  <system-out/>
</testsuite> <!-- scripts.InvalidLogin -->
