<?xml version="1.0" encoding="UTF-8"?>
<!-- Generated by org.testng.reporters.JUnitReportReporter -->
<testsuite hostname="DESKTOP-RRH179N" failures="0" tests="1" name="scripts.Demo" time="12.509" errors="0" timestamp="2021-12-24T01:36:45 IST" skipped="0">
  <testcase classname="scripts.Demo" name="testA" time="12.509"/>
  <system-out>
    <![CDATA[testA]]>
  </system-out>
</testsuite> <!-- scripts.Demo -->
